2019-08-14 14:45:56,175 - INFO - Cadastrando escolas.
2019-08-14 14:46:16,787 - INFO - Cadastrando escolas.
2019-08-14 14:49:20,775 - INFO - Cadastrando Turno
2019-08-14 14:50:45,658 - INFO - Cadastrando um Novo Endereço
2019-08-14 14:55:33,878 - INFO - Cadastrando Turno
2019-08-14 14:55:33,910 - ERROR - Houve um erro no Cadastro de um Turno
2019-08-14 14:55:40,664 - INFO - Listando Todos os Turnos
2019-08-14 14:55:40,665 - ERROR - Aconteceu um erro
2019-08-14 14:56:25,172 - INFO - Listando Todos os Turnos
2019-08-14 14:56:25,172 - ERROR - Aconteceu um erro
2019-08-14 14:57:27,869 - INFO - Listando Todos os Turnos
2019-08-14 14:57:27,870 - ERROR - Aconteceu um erro
2019-08-14 14:57:28,504 - INFO - Listando Todos os Turnos
2019-08-14 14:57:28,504 - ERROR - Aconteceu um erro
2019-08-14 14:57:28,750 - INFO - Listando Todos os Turnos
2019-08-14 14:57:28,750 - ERROR - Aconteceu um erro
2019-08-14 14:57:28,957 - INFO - Listando Todos os Turnos
2019-08-14 14:57:28,957 - ERROR - Aconteceu um erro
2019-08-14 14:58:42,447 - INFO - Cadastrando Turno
2019-08-14 14:58:42,448 - ERROR - Houve um erro no Cadastro de um Turno
2019-08-14 14:59:12,431 - INFO - Listando Todos os Turnos
2019-08-14 14:59:12,432 - ERROR - Aconteceu um erro
2019-08-14 15:04:13,471 - INFO - Listando Turnos
2019-08-14 15:04:13,472 - ERROR - Aconteceu um erro
2019-08-14 15:04:14,237 - INFO - Listando Turnos
2019-08-14 15:04:14,237 - ERROR - Aconteceu um erro
2019-08-15 07:48:06,902 - INFO - Listando Turnos
2019-08-15 07:48:06,923 - ERROR - Aconteceu um erro
2019-08-15 07:48:32,674 - INFO - Cadastrando Turno
2019-08-15 07:48:32,675 - ERROR - Houve um erro no Cadastro de um Turno
2019-08-15 07:48:51,642 - INFO - Listando turno por ID 
2019-08-15 07:48:51,643 - ERROR - Aconteceu um erro
2019-08-15 07:49:02,723 - INFO - Listando Turnos
2019-08-15 07:49:02,724 - ERROR - Aconteceu um erro
2019-08-15 07:49:37,906 - INFO - Listando turno por ID 
2019-08-15 07:49:37,906 - ERROR - Aconteceu um erro
2019-08-15 07:50:00,253 - INFO - Listando Turnos
2019-08-15 07:50:00,253 - ERROR - Aconteceu um erro
2019-08-15 07:50:06,633 - INFO - Listando Turnos
2019-08-15 07:50:06,634 - ERROR - Aconteceu um erro
2019-08-15 07:50:51,290 - INFO - Cadastrando Turno
2019-08-15 07:50:51,290 - ERROR - Houve um erro no Cadastro de um Turno
2019-08-15 07:56:12,132 - INFO - Cadastrando Turno
2019-08-15 07:56:12,144 - ERROR - Houve um erro no Cadastro de um Turno
2019-08-15 07:56:13,343 - INFO - Cadastrando Turno
2019-08-15 07:56:13,344 - ERROR - Houve um erro no Cadastro de um Turno
2019-08-15 07:58:21,912 - INFO - Cadastrando Turno
2019-08-15 07:58:21,913 - ERROR - Houve um erro no Cadastro de um Turno
2019-08-15 08:00:28,525 - INFO - Cadastrando Turno
2019-08-15 08:00:28,527 - ERROR - Houve um erro no Cadastro de um Turno
2019-08-15 08:01:07,814 - INFO - Cadastrando Turno
2019-08-15 08:01:07,815 - ERROR - Houve um erro no Cadastro de um Turno
2019-08-15 08:04:08,729 - INFO - Cadastrando Turno
2019-08-15 08:04:08,730 - ERROR - Houve um erro no Cadastro de um Turno
2019-08-15 08:09:00,234 - INFO - Cadastrando Turno
2019-08-15 08:09:00,234 - ERROR - Houve um erro no Cadastro de um Turno
2019-08-15 08:09:38,179 - INFO - Cadastrando Turno
2019-08-15 08:09:47,403 - INFO - Listando Turnos
2019-08-15 13:26:25,634 - INFO - Cadastrando um Novo Endereço
2019-08-15 13:26:40,265 - INFO - Cadastrando um Novo Endereço
2019-08-15 13:27:34,669 - INFO - Listando Endereços
2019-08-15 14:59:49,237 - INFO - Cadastrando um Novo Endereço
2019-08-15 14:59:56,986 - INFO - Listando Endereços
2019-08-15 15:02:42,244 - INFO - Aconteceu um erro
2019-08-15 15:06:27,374 - INFO - Cadastrando um Novo Campus
2019-08-15 15:06:47,469 - INFO - Listando Todos os Campus
2019-08-15 15:08:10,109 - INFO - Listando Turnos
2019-08-15 15:15:28,926 - INFO - Cadastrando escolas.
2019-08-15 15:16:16,748 - INFO - Listando escolas.
2019-08-15 15:17:37,802 - INFO - Listando escolas.
2019-08-15 15:20:10,438 - INFO - Listando Todas as Escolas
2019-08-15 15:20:57,865 - INFO - Listando escolas.
